Set Array Size: 10

Array Size has been set

Finnished setting every value of array to a random number.

Array has been sorted.

Time taken to sort array: 0 seconds.
Set Array Size: 100

Array Size has been set

Finnished setting every value of array to a random number.

Array has been sorted.

Time taken to sort array: 0 seconds.
Set Array Size: 1000

Array Size has been set

Finnished setting every value of array to a random number.

Array has been sorted.

Time taken to sort array: 0 seconds.
Set Array Size: 10000

Array Size has been set

Finnished setting every value of array to a random number.

Array has been sorted.

Time taken to sort array: 0 seconds.
Set Array Size: 100000

Array Size has been set

Finnished setting every value of array to a random number.

Array has been sorted.

Time taken to sort array: 0 seconds.
Set Array Size: 1000000

Array Size has been set

Finnished setting every value of array to a random number.

Array has been sorted.

Time taken to sort array: 0 seconds.
Set Array Size: 10000000

Array Size has been set

Finnished setting every value of array to a random number.

Array has been sorted.

Time taken to sort array: 2 seconds.
Set Array Size: 100000000

Array Size has been set

Finnished setting every value of array to a random number.

Array has been sorted.

Time taken to sort array: 20 seconds.
Set Array Size: 1000000000

Array Size has been set

Finnished setting every value of array to a random number.

Array has been sorted.

Time taken to sort array: 211 seconds.
